<?xml version="1.0" encoding="UTF-8"?>
<testsuite xmlns:xsi="http://www.w3.org/2001/XMLSchema-instance" xsi:noNamespaceSchemaLocation="https://maven.apache.org/surefire/maven-surefire-plugin/xsd/surefire-test-report-3.0.xsd" version="3.0" name="TesteApi.TesteApi" time="7.34" tests="3" errors="0" skipped="0" failures="0">
  <properties>
[...]
</properties>
  <testcase name="favoritaDesfavorita" classname="TesteApi.TesteApi" time="2.965">
    <system-out><![CDATA[ID => 101304254
RETORNO => {"message":"SUCCESS","id":101304254}
RETORNO => {"message":"SUCCESS"}
]]></system-out>
  </testcase>
  <testcase name="cadastro" classname="TesteApi.TesteApi" time="1.825">
    <system-out><![CDATA[Request method:	POST
Request URI:	https://api.thecatapi.com/v1/user/passwordlesssignup
Proxy:			<none>
Request params:	<none>
Query params:	<none>
Form params:	<none>
Path params:	<none>
Headers:		Accept=*/*
				Content-Type=application/json
Cookies:		<none>
Multiparts:		<none>
Body:
{
    "email": "matusfrditzen@hotmail.com",
    "appDescription": "teste the cat api"
}
HTTP/1.1 200 OK
x-dns-prefetch-control: off
x-frame-options: SAMEORIGIN
strict-transport-security: max-age=15552000; includeSubDomains
x-download-options: noopen
x-content-type-options: nosniff
x-xss-protection: 1; mode=block
vary: Origin
content-type: application/json; charset=utf-8
x-response-time: 1334ms
X-Cloud-Trace-Context: 50580031f3c6b1cbf3a717a570f207b6
Date: Wed, 15 Feb 2023 00:03:08 GMT
Server: Google Frontend
Content-Length: 21

{
    "message": "SUCCESS"
}
RETORNO => {"message":"SUCCESS"}
]]></system-out>
  </testcase>
  <testcase name="deletaVotacao" classname="TesteApi.TesteApi" time="2.231">
    <system-out><![CDATA[ID => 965145
RETORNO => {"message":"SUCCESS","id":965145,"image_id":"acn","sub_id":"demo-3de809","value":"true","country_code":"BR"}
RETORNO => {"message":"SUCCESS"}
]]></system-out>
  </testcase>
</testsuite>